        -:    0:Source:TicTacToeBoard.cpp
        -:    0:Graph:TicTacToeBoard.gcno
        -:    0:Data:TicTacToeBoard.gcda
        -:    0:Runs:1
        -:    0:Programs:1
        -:    1:#include "TicTacToeBoard.h"
        -:    2:/**
        -:    3: * Class for representing a 3x3 Tic-Tac-Toe game board, using the Piece enum
        -:    4: * to represent the spaces on the board.
        -:    5:**/
        -:    6:
        -:    7://Switches turn member variable to represent whether it's X's or O's turn
function _ZN14TicTacToeBoard10toggleTurnEv called 22 returned 100% blocks executed 100%
       22:    8:void TicTacToeBoard::toggleTurn()
        -:    9:{
       22:   10:	if (turn == X) {turn = O;}	
branch  0 taken 14 (fallthrough)
branch  1 taken 8
        8:   11:	else if (turn == O) {turn = X;}
branch  0 taken 8 (fallthrough)
branch  1 taken 0
       22:   12:}
        -:   13:
        -:   14://Constructor sets an empty board and specifies it is X's turn first
function _ZN14TicTacToeBoardC2Ev called 13 returned 100% blocks executed 100%
       13:   15:TicTacToeBoard::TicTacToeBoard()
        -:   16:{
       52:   17:	for (int i = 0; i < 3 ; i++)
branch  0 taken 39
branch  1 taken 13 (fallthrough)
        -:   18:	{	
      156:   19:		for(int j =0; j < 3; j++)
branch  0 taken 117
branch  1 taken 39 (fallthrough)
        -:   20:		{
      117:   21:			board[i][j] = Blank;
        -:   22:		}
        -:   23:	}
       13:   24:	turn = X;
       13:   25:}
        -:   26:
        -:   27://Resets each board location to the Blank Piece value
function _ZN14TicTacToeBoard10clearBoardEv called 4 returned 100% blocks executed 100%
        4:   28:void TicTacToeBoard::clearBoard()
        -:   29:{
       16:   30:	for (int i = 0; i< 3; i++)
branch  0 taken 12
branch  1 taken 4 (fallthrough)
        -:   31:	{
       48:   32:		for (int j =0; j < 3; j++)
branch  0 taken 36
branch  1 taken 12 (fallthrough)
        -:   33:		{
       36:   34:			board[i][j] = Blank;
        -:   35:		}
        -:   36:	}
        4:   37:}
        -:   38:
        -:   39:/**
        -:   40: * Places the piece of the current turn on the board, returns what
        -:   41: * piece is placed, and toggles which Piece's turn it is. placePiece does 
        -:   42: * NOT allow to place a piece in a location where there is already a piece.
        -:   43: * In that case, placePiece just returns what is already at that location. 
        -:   44: * Out of bounds coordinates return the Piece Invalid value
        -:   45:**/ 
function _ZN14TicTacToeBoard10placePieceEii called 26 returned 100% blocks executed 100%
       26:   46:Piece TicTacToeBoard::placePiece(int row, int column)
        -:   47:{
       26:   48:	if(row >2 || column > 2 || row < 0 || column < 0)
branch  0 taken 24 (fallthrough)
branch  1 taken 2
branch  2 taken 24 (fallthrough)
branch  3 taken 0
branch  4 taken 23 (fallthrough)
branch  5 taken 1
branch  6 taken 0 (fallthrough)
branch  7 taken 23
        -:   49:	{
        3:   50:		return Invalid;
        -:   51:	}
        -:   52: // return Invalid;
       23:   53:	if(board[row][column] == X || board[row][column] == O)
branch  0 taken 22 (fallthrough)
branch  1 taken 1
branch  2 taken 0 (fallthrough)
branch  3 taken 22
        -:   54:	{
        1:   55:		return board[row][column];	
        -:   56:	}
        -:   57:	else
        -:   58:	{
       22:   59:		board[row][column] = turn;
        -:   60:	}
       22:   61:	toggleTurn();
call    0 returned 22
       22:   62:	return board[row][column];
        -:   63:}
        -:   64:
        -:   65:/**
        -:   66: * Returns what piece is at the provided coordinates, or Blank if there
        -:   67: * are no pieces there, or Invalid if the coordinates are out of bounds
        -:   68:**/
function _ZN14TicTacToeBoard8getPieceEii called 11 returned 100% blocks executed 100%
       11:   69:Piece TicTacToeBoard::getPiece(int row, int column)
        -:   70:{
       11:   71:	if(row >2 || column > 2 || row < 0 || column < 0)
branch  0 taken 10 (fallthrough)
branch  1 taken 1
branch  2 taken 10 (fallthrough)
branch  3 taken 0
branch  4 taken 9 (fallthrough)
branch  5 taken 1
branch  6 taken 0 (fallthrough)
branch  7 taken 9
        -:   72:	{                                                	
        2:   73:		return Invalid;
        -:   74:	}
        -:   75:	else
        -:   76:	{
        9:   77:		return board[row][column];
        -:   78:	}	
        -:   79: // return Invalid;
        -:   80:}
        -:   81:
        -:   82:/**
        -:   83: * Returns which Piece has won, if there is a winner, Invalid if the game
        -:   84: * is not over, or Blank if the board is filled and no one has won.
        -:   85:**/
function _ZN14TicTacToeBoard9getWinnerEv called 5 returned 100% blocks executed 100%
        5:   86:Piece TicTacToeBoard::getWinner()
        -:   87:{
        -:   88:
        5:   89:	if(board[0][0] == board[1][1] && board[1][1] == board[2][2] && board[0][0] != Blank && board[0][0] != Invalid)
branch  0 taken 2 (fallthrough)
branch  1 taken 3
branch  2 taken 2 (fallthrough)
branch  3 taken 0
branch  4 taken 1 (fallthrough)
branch  5 taken 1
branch  6 taken 1 (fallthrough)
branch  7 taken 0
        -:   90:	{
        1:   91:		return board[0][0];
        -:   92:	}
        4:   93:	else if(board[0][2] == board[1][1] && board[1][1] == board[2][0] && board[0][2] != Blank && board[0][2] != Invalid)
branch  0 taken 3 (fallthrough)
branch  1 taken 1
branch  2 taken 2 (fallthrough)
branch  3 taken 1
branch  4 taken 1 (fallthrough)
branch  5 taken 1
branch  6 taken 1 (fallthrough)
branch  7 taken 0
        -:   94:	{
        1:   95:		return board[0][2];		
        -:   96:	}
        6:   97:	for (int i = 0 ; i < 3; i++)
branch  0 taken 5
branch  1 taken 1 (fallthrough)
        -:   98:	{	                                                                          	       	
        5:   99:		if(board[i][0] == board[i][1] && board[i][1] == board[i][2] && board[i][0] != Blank && board[i][0] != Invalid)
branch  0 taken 4 (fallthrough)
branch  1 taken 1
branch  2 taken 4 (fallthrough)
branch  3 taken 0
branch  4 taken 1 (fallthrough)
branch  5 taken 3
branch  6 taken 1 (fallthrough)
branch  7 taken 0
        -:  100:       		{
        1:  101:        		return board[i][0];
        -:  102:       		}
        4:  103:	       	else if(board[0][i] == board[1][i] && board[1][i] == board[2][i] && board[0][i] != Blank && board[0][i] != Invalid)
branch  0 taken 4 (fallthrough)
branch  1 taken 0
branch  2 taken 4 (fallthrough)
branch  3 taken 0
branch  4 taken 1 (fallthrough)
branch  5 taken 3
branch  6 taken 1 (fallthrough)
branch  7 taken 0
        -:  104:		{
        1:  105:			return board[0][i];	
        -:  106:		}
        -:  107:
        -:  108:	}
        -:  109:	// if everything fails
        1:  110:	 return Invalid;
        -:  111:}
